Mon Oct 20 17:40:18 Saved as file E:\DOAN\MAINBOARD\FIX\CHIEN.MAX
Mon Oct 20 17:49:22 Saved as file BACKUP1.MAX
Mon Oct 20 17:59:22 Saved as file BACKUP1.MAX
Mon Oct 20 18:05:55 Saved as file E:\DOAN\MAINBOARD\FIX\CHIEN.MAX
Tue Oct 21 00:06:12 Saved as file BACKUP1.MAX
Tue Oct 21 17:11:51 Saved as file BACKUP1.MAX
Tue Oct 21 17:12:21 Error code 0034.912 (266)
Tue Oct 21 17:12:21 Saved as file Backup0.max
Tue Oct 21 17:12:21 Windows which were open at time of error:
Tue Oct 21 17:12:21 	ActiveWindow: &Design
Tue Oct 21 17:12:21 	Icon: &Components
Tue Oct 21 17:12:21 	Icon: &Nets
Tue Oct 21 17:12:21 	Icon: Post Proces&s
Tue Oct 21 17:12:21 End-of-list
Tue Oct 21 17:12:22 Error code 0034.912 (266)
Tue Oct 21 17:23:23 Saved as file E:\DOAN\MAINBOARD\FIX\CHIEN_1.MAX
Tue Oct 21 17:24:02 Saved as file BACKUP1.MAX
Tue Oct 21 17:34:02 Saved as file BACKUP1.MAX
Tue Oct 21 17:44:02 Saved as file BACKUP1.MAX
Tue Oct 21 17:54:03 Saved as file BACKUP1.MAX
Tue Oct 21 18:04:03 Saved as file BACKUP1.MAX
Tue Oct 21 18:14:03 Saved as file BACKUP1.MAX
Tue Oct 21 18:24:04 Saved as file BACKUP1.MAX
Tue Oct 21 18:34:04 Saved as file BACKUP1.MAX
Tue Oct 21 18:43:25 Error code 0034.912 (266)
Tue Oct 21 18:43:25 Saved as file Backup0.max
Tue Oct 21 18:43:25 Windows which were open at time of error:
Tue Oct 21 18:43:25 	ActiveWindow: &Design
Tue Oct 21 18:43:25 	Icon: &Components
Tue Oct 21 18:43:25 	Icon: &Nets
Tue Oct 21 18:43:25 	Icon: Post Proces&s
Tue Oct 21 18:43:25 End-of-list
Tue Oct 21 18:43:25 Error code 0034.912 (266)
Tue Oct 21 18:55:17 Saved as file BACKUP1.MAX
Tue Oct 21 19:05:17 Saved as file BACKUP1.MAX
Tue Oct 21 19:15:18 Saved as file BACKUP1.MAX
Tue Oct 21 20:02:31 Saved as file BACKUP1.MAX
Tue Oct 21 20:04:33 Saved as file E:\DOAN\MAINBOARD\FIX\CHIEN_2.MAX
Tue Oct 21 20:12:31 Saved as file BACKUP1.MAX
Tue Oct 21 20:22:32 Saved as file BACKUP1.MAX
Tue Oct 21 20:32:32 Saved as file BACKUP1.MAX
Tue Oct 21 20:38:42 Saved as file ~undo.max
Tue Oct 21 20:42:32 Saved as file BACKUP1.MAX
Tue Oct 21 20:52:32 Saved as file BACKUP1.MAX
Tue Oct 21 20:53:11 Saved as file E:\DOAN\MAINBOARD\FIX\CHIEN_2.MAX
Tue Oct 21 20:53:12 Saved as file E:\DOAN\MAINBOARD\FIX\CHIEN_2.MAX
Tue Oct 21 20:53:13 Saved as file E:\DOAN\MAINBOARD\FIX\CHIEN_2.MAX
Tue Oct 21 21:05:38 Saved as file BACKUP1.MAX
Tue Oct 21 21:06:54 Saved as file E:\DOAN\MAINBOARD\FIX\CHIEN_2.MAX
Tue Oct 21 21:15:39 Saved as file BACKUP1.MAX
Tue Oct 21 21:25:39 Saved as file BACKUP1.MAX
Tue Oct 21 21:35:39 Saved as file BACKUP1.MAX
Tue Oct 21 21:44:00 Saved as file E:\DOAN\MAINBOARD\FIX\CHIEN_2.MAX
Tue Oct 21 21:45:39 Saved as file BACKUP1.MAX
Tue Oct 21 21:47:19 Saved as file E:\DOAN\MAINBOARD\FIX\CHIEN_2.MAX
Tue Oct 21 21:55:40 Saved as file BACKUP1.MAX
Tue Oct 21 21:59:20 Saved as file E:\DOAN\MAINBOARD\FIX\CHIEN_2.MAX
Tue Oct 21 22:02:57 Saved as file E:\DOAN\MAINBOARD\FIX\CHIEN_2.MAX
Tue Oct 21 22:05:40 Saved as file BACKUP1.MAX
Tue Oct 21 22:15:40 Saved as file BACKUP1.MAX
Tue Oct 21 22:25:41 Saved as file BACKUP1.MAX
Tue Oct 21 22:35:41 Saved as file BACKUP1.MAX
Tue Oct 21 22:45:41 Saved as file BACKUP1.MAX
Tue Oct 21 22:55:42 Saved as file BACKUP1.MAX
Tue Oct 21 23:06:12 Saved as file BACKUP1.MAX
Tue Oct 21 23:11:57 Saved as file E:\DOAN\MAINBOARD\FIX\CHIEN_2.MAX
Tue Oct 21 23:12:01 Saved as file E:\DOAN\MAINBOARD\FIX\CHIEN_2.MAX
Tue Oct 21 23:16:12 Saved as file BACKUP1.MAX
Tue Oct 21 23:17:00 Saved as file E:\DOAN\MAINBOARD\FIX\CHIEN_2.MAX
Tue Oct 21 23:18:33 Saved as file E:\DOAN\MAINBOARD\FIX\CHIEN_2.MAX
Tue Oct 21 23:26:12 Saved as file BACKUP1.MAX
Tue Oct 21 23:36:13 Saved as file BACKUP1.MAX
Tue Oct 21 23:40:04 Saved as file E:\DOAN\MAINBOARD\FIX\CHIEN_2.MAX
Tue Oct 21 23:40:07 Saved as file E:\DOAN\MAINBOARD\FIX\CHIEN_2.MAX
Tue Oct 21 23:42:45 Saved as file E:\DOAN\MAINBOARD\FIX\CHIEN_2.MAX
Tue Oct 21 23:49:02 Saved as file BACKUP1.MAX
Tue Oct 21 23:59:02 Saved as file BACKUP1.MAX
Wed Oct 22 00:09:03 Saved as file BACKUP1.MAX
Wed Oct 22 00:19:03 Saved as file BACKUP1.MAX
Wed Oct 22 00:29:03 Saved as file BACKUP1.MAX
Wed Oct 22 00:39:03 Saved as file BACKUP1.MAX
Wed Oct 22 00:49:04 Saved as file BACKUP1.MAX
Wed Oct 22 00:52:36 Saved as file E:\DOAN\MAINBOARD\FIX\CHIEN_3.MAX
Wed Oct 22 09:17:52 Saved as file BACKUP1.MAX
Wed Oct 22 09:27:52 Saved as file BACKUP1.MAX
Wed Oct 22 09:37:52 Saved as file BACKUP1.MAX
Wed Oct 22 09:47:53 Saved as file BACKUP1.MAX
Wed Oct 22 09:57:53 Saved as file BACKUP1.MAX
Wed Oct 22 09:59:29 Saved as file Backup0.max
Wed Oct 22 09:59:29 Windows which were open at time of error:
Wed Oct 22 09:59:29 	ActiveWindow: &Design
Wed Oct 22 09:59:29 	Icon: &Components
Wed Oct 22 09:59:29 	Icon: &Nets
Wed Oct 22 09:59:29 	Icon: Post Proces&s
Wed Oct 22 09:59:29 End-of-list
Wed Oct 22 09:59:29 Loaded file BACKUP0.MAX
Wed Oct 22 09:59:40 Saved as file E:\DOAN\MAINBOARD\FIX\CHIEN_3.MAX
Wed Oct 22 10:04:46 Saved as file E:\DOAN\MAINBOARD\FIX\CHIEN_3.MAX
Wed Oct 22 10:17:23 Saved as file BACKUP1.MAX
Wed Oct 22 10:22:35 Saved as file E:\DOAN\MAINBOARD\FIX\CHIEN_3.MAX
Wed Oct 22 10:24:22 Saved as file E:\DOAN\MAINBOARD\FIX\CHIEN_3.MAX
Wed Oct 22 10:25:21 Saved as file Backup0.max
Wed Oct 22 10:25:21 Windows which were open at time of error:
Wed Oct 22 10:25:21 	ActiveWindow: &Design
Wed Oct 22 10:25:21 	Icon: &Components
Wed Oct 22 10:25:21 	Icon: &Nets
Wed Oct 22 10:25:21 	Icon: Post Proces&s
Wed Oct 22 10:25:21 End-of-list
Wed Oct 22 10:25:21 Loaded file BACKUP0.MAX
Wed Oct 22 10:29:27 Saved as file E:\DOAN\MAINBOARD\FIX\CHIEN_3.MAX
Wed Oct 22 10:36:51 Saved as file BACKUP1.MAX
Wed Oct 22 10:38:20 Saved as file E:\DOAN\MAINBOARD\FIX\CHIEN_3.MAX
Wed Oct 22 10:40:21 Saved as file E:\DOAN\MAINBOARD\FIX\CHIEN_3.MAX
Wed Oct 22 10:51:10 Saved as file E:\DOAN\MAINBOARD\FIX\CHIEN_3.MAX
Wed Oct 22 10:52:24 Saved as file E:\DOAN\MAINBOARD\FIX\CHIEN_3.MAX
Wed Oct 22 10:52:30 Saved as file BACKUP1.MAX
Wed Oct 22 10:54:58 Saved as file E:\DOAN\MAINBOARD\FIX\CHIEN_3.MAX
Wed Oct 22 11:01:55 Saved as file E:\DOAN\MAINBOARD\FIX\CHIEN_3.MAX
Wed Oct 22 11:02:23 Saved as file E:\DOAN\MAINBOARD\FIX\CHIEN_3.MAX
Wed Oct 22 11:02:30 Saved as file BACKUP1.MAX
Wed Oct 22 11:02:40 Saved as file E:\DOAN\MAINBOARD\FIX\CHIEN_3.MAX
Wed Oct 22 11:09:31 Saved as file E:\DOAN\MAINBOARD\FIX\CHIEN_3.MAX
Wed Oct 22 11:09:35 Loaded file E:\DOAN\MAINBOARD\FIX\CHIEN_3.MAX
Wed Oct 22 11:16:00 Saved as file BACKUP1.MAX
Wed Oct 22 11:26:01 Saved as file BACKUP1.MAX
Wed Oct 22 11:36:01 Saved as file BACKUP1.MAX
Wed Oct 22 11:46:01 Saved as file BACKUP1.MAX
Wed Oct 22 11:56:02 Saved as file BACKUP1.MAX
Wed Oct 22 12:06:02 Saved as file BACKUP1.MAX
Wed Oct 22 12:16:02 Saved as file BACKUP1.MAX
Wed Oct 22 12:26:02 Saved as file BACKUP1.MAX
Wed Oct 22 12:36:03 Saved as file BACKUP1.MAX
Wed Oct 22 12:46:03 Saved as file BACKUP1.MAX
Thu Oct 23 09:39:15 Saved as file BACKUP1.MAX
Thu Oct 23 09:49:15 Saved as file BACKUP1.MAX
Thu Oct 23 09:59:15 Saved as file BACKUP1.MAX
Thu Oct 23 10:54:37 Saved as file BACKUP1.MAX
Thu Oct 23 10:57:08 Saved as file BACKUP1.MAX
Thu Oct 23 10:57:08 Saved as file E:\DOAN\MAINBOARD\FIX\CHIEN_3.MAX
Thu Oct 23 10:57:09 UserDiv from Layout.INI for AutoECO: 60
Thu Oct 23 10:57:09 Loaded file E:\DOAN\MAINBOARD\FIX\CHIEN_3.MAX
Thu Oct 23 10:57:09 Loaded file C:\PROGRAM FILES\ORCAD\LAYOUT\LIBRARY\CHIEN.LLB
Thu Oct 23 10:57:09 Loaded file E:\DOAN\HUONG DAN ORCAD PAYITFORWORD\9. PAYITFORWARD_FOOTPRINT_10082012\IC64PINS.LLB
Thu Oct 23 10:57:09 Loaded file E:\DOAN\HUONG DAN ORCAD PAYITFORWORD\9. PAYITFORWARD_FOOTPRINT_10082012\PAYITFORWARD_FOOTPRINT_10082012.LLB
Thu Oct 23 10:57:09 Loaded file E:\DOAN\9. [C8] PAYITFORWARD_FOOTPRINT_24022013.LLB
Thu Oct 23 10:57:09 Loaded file C:\Program Files\Orcad\Layout\library\BCON100T.llb
Thu Oct 23 10:57:09 Loaded file C:\Program Files\Orcad\Layout\library\BCON156T.llb
Thu Oct 23 10:57:09 Loaded file C:\Program Files\Orcad\Layout\library\BGA.llb
Thu Oct 23 10:57:09 Loaded file C:\Program Files\Orcad\Layout\library\CLCC.llb
Thu Oct 23 10:57:09 Loaded file C:\Program Files\Orcad\Layout\library\DCON050T.llb
Thu Oct 23 10:57:09 Loaded file C:\Program Files\Orcad\Layout\library\DCON085T.llb
Thu Oct 23 10:57:09 Loaded file C:\Program Files\Orcad\Layout\library\DIMM050F.llb
Thu Oct 23 10:57:09 Loaded file C:\Program Files\Orcad\Layout\library\DIMM050T.llb
Thu Oct 23 10:57:09 Loaded file C:\Program Files\Orcad\Layout\library\DIN.llb
Thu Oct 23 10:57:09 Loaded file C:\Program Files\Orcad\Layout\library\DIP100B.llb
Thu Oct 23 10:57:09 Loaded file C:\Program Files\Orcad\Layout\library\DIP100T.llb
Thu Oct 23 10:57:09 Loaded file C:\Program Files\Orcad\Layout\library\DSUBT.llb
Thu Oct 23 10:57:09 Loaded file C:\Program Files\Orcad\Layout\library\DSUBT_HD.LLB
Thu Oct 23 10:57:09 Loaded file C:\Program Files\Orcad\Layout\library\ECON100T.llb
Thu Oct 23 10:57:09 Loaded file C:\Program Files\Orcad\Layout\library\FBUS.llb
Thu Oct 23 10:57:09 Loaded file C:\Program Files\Orcad\Layout\library\ISA.llb
Thu Oct 23 10:57:09 Loaded file C:\Program Files\Orcad\Layout\library\JUMPER.LLB
Thu Oct 23 10:57:09 Loaded file C:\Program Files\Orcad\Layout\library\LAYOUT.llb
Thu Oct 23 10:57:09 Loaded file C:\Program Files\Orcad\Layout\library\LCON100T.llb
Thu Oct 23 10:57:09 Loaded file C:\Program Files\Orcad\Layout\library\PC104.llb
Thu Oct 23 10:57:09 Loaded file C:\Program Files\Orcad\Layout\library\PCI.llb
Thu Oct 23 10:57:09 Loaded file C:\Program Files\Orcad\Layout\library\PCON100T.llb
Thu Oct 23 10:57:09 Loaded file C:\Program Files\Orcad\Layout\library\PCON156T.llb
Thu Oct 23 10:57:09 Loaded file C:\Program Files\Orcad\Layout\library\PGA.llb
Thu Oct 23 10:57:09 Loaded file C:\Program Files\Orcad\Layout\library\PLCC.llb
Thu Oct 23 10:57:09 Loaded file C:\Program Files\Orcad\Layout\library\QUAD.llb
Thu Oct 23 10:57:09 Loaded file C:\Program Files\Orcad\Layout\library\QUADB.llb
Thu Oct 23 10:57:09 Loaded file C:\Program Files\Orcad\Layout\library\RELAY.llb
Thu Oct 23 10:57:09 Loaded file C:\Program Files\Orcad\Layout\library\RF.llb
Thu Oct 23 10:57:09 Loaded file C:\Program Files\Orcad\Layout\library\SBUS.llb
Thu Oct 23 10:57:09 Loaded file C:\Program Files\Orcad\Layout\library\SIMM050F.llb
Thu Oct 23 10:57:09 Loaded file C:\Program Files\Orcad\Layout\library\SIMM050T.llb
Thu Oct 23 10:57:09 Loaded file C:\Program Files\Orcad\Layout\library\SIMM100F.llb
Thu Oct 23 10:57:09 Loaded file C:\Program Files\Orcad\Layout\library\SIMM100T.llb
Thu Oct 23 10:57:09 Loaded file C:\Program Files\Orcad\Layout\library\SIP.llb
Thu Oct 23 10:57:09 Loaded file C:\Program Files\Orcad\Layout\library\SM.llb
Thu Oct 23 10:57:09 Loaded file C:\Program Files\Orcad\Layout\library\SOG.llb
Thu Oct 23 10:57:09 Loaded file C:\Program Files\Orcad\Layout\library\SOJ.llb
Thu Oct 23 10:57:09 Loaded file C:\Program Files\Orcad\Layout\library\STIFF.llb
Thu Oct 23 10:57:09 Loaded file C:\Program Files\Orcad\Layout\library\TELE.llb
Thu Oct 23 10:57:09 Loaded file C:\Program Files\Orcad\Layout\library\TM_AXIAL.llb
Thu Oct 23 10:57:09 Loaded file C:\Program Files\Orcad\Layout\library\TM_CAP_P.llb
Thu Oct 23 10:57:09 Loaded file C:\Program Files\Orcad\Layout\library\TM_CYLND.llb
Thu Oct 23 10:57:09 Loaded file C:\Program Files\Orcad\Layout\library\TM_DIODE.llb
Thu Oct 23 10:57:09 Loaded file C:\Program Files\Orcad\Layout\library\TM_DISC.llb
Thu Oct 23 10:57:09 Loaded file C:\Program Files\Orcad\Layout\library\TM_RAD.llb
Thu Oct 23 10:57:09 Loaded file C:\Program Files\Orcad\Layout\library\TO.llb
Thu Oct 23 10:57:09 Loaded file C:\Program Files\Orcad\Layout\library\TRAINING.LLB
Thu Oct 23 10:57:09 Loaded file C:\Program Files\Orcad\Layout\library\VRES.llb
Thu Oct 23 10:57:09 Loaded file C:\Program Files\Orcad\Layout\library\WCON100T.llb
Thu Oct 23 10:57:09 Loaded file C:\Program Files\Orcad\Layout\library\XT.llb
Thu Oct 23 10:57:09 Loaded file C:\Program Files\Orcad\Layout\library\ZIGZAG.llb
Thu Oct 23 10:57:09 Saved as file E:\DOAN\MAINBOARD\FIX\CHIEN_3.MAX
Thu Oct 23 10:57:10 Loaded file E:\DOAN\MAINBOARD\FIX\CHIEN_3.MAX
Thu Oct 23 11:03:05 Saved as file E:\DOAN\MAINBOARD\FIX\CHIEN_3.MAX
Thu Oct 23 11:26:19 Saved as file BACKUP1.MAX
Thu Oct 23 11:29:18 Saved as file BACKUP1.MAX
Thu Oct 23 11:29:18 Saved as file E:\DOAN\MAINBOARD\FIX\CHIEN_3.MAX
Thu Oct 23 11:29:18 UserDiv from Layout.INI for AutoECO: 60
Thu Oct 23 11:29:18 Loaded file E:\DOAN\MAINBOARD\FIX\CHIEN_3.MAX
Thu Oct 23 11:29:18 Loaded file C:\PROGRAM FILES\ORCAD\LAYOUT\LIBRARY\CHIEN.LLB
Thu Oct 23 11:29:18 Loaded file E:\DOAN\HUONG DAN ORCAD PAYITFORWORD\9. PAYITFORWARD_FOOTPRINT_10082012\IC64PINS.LLB
Thu Oct 23 11:29:18 Loaded file E:\DOAN\HUONG DAN ORCAD PAYITFORWORD\9. PAYITFORWARD_FOOTPRINT_10082012\PAYITFORWARD_FOOTPRINT_10082012.LLB
Thu Oct 23 11:29:18 Loaded file E:\DOAN\9. [C8] PAYITFORWARD_FOOTPRINT_24022013.LLB
Thu Oct 23 11:29:18 Loaded file C:\Program Files\Orcad\Layout\library\BCON100T.llb
Thu Oct 23 11:29:18 Loaded file C:\Program Files\Orcad\Layout\library\BCON156T.llb
Thu Oct 23 11:29:18 Loaded file C:\Program Files\Orcad\Layout\library\BGA.llb
Thu Oct 23 11:29:18 Loaded file C:\Program Files\Orcad\Layout\library\CLCC.llb
Thu Oct 23 11:29:18 Loaded file C:\Program Files\Orcad\Layout\library\DCON050T.llb
Thu Oct 23 11:29:18 Loaded file C:\Program Files\Orcad\Layout\library\DCON085T.llb
Thu Oct 23 11:29:18 Loaded file C:\Program Files\Orcad\Layout\library\DIMM050F.llb
Thu Oct 23 11:29:18 Loaded file C:\Program Files\Orcad\Layout\library\DIMM050T.llb
Thu Oct 23 11:29:18 Loaded file C:\Program Files\Orcad\Layout\library\DIN.llb
Thu Oct 23 11:29:18 Loaded file C:\Program Files\Orcad\Layout\library\DIP100B.llb
Thu Oct 23 11:29:18 Loaded file C:\Program Files\Orcad\Layout\library\DIP100T.llb
Thu Oct 23 11:29:18 Loaded file C:\Program Files\Orcad\Layout\library\DSUBT.llb
Thu Oct 23 11:29:18 Loaded file C:\Program Files\Orcad\Layout\library\DSUBT_HD.LLB
Thu Oct 23 11:29:18 Loaded file C:\Program Files\Orcad\Layout\library\ECON100T.llb
Thu Oct 23 11:29:18 Loaded file C:\Program Files\Orcad\Layout\library\FBUS.llb
Thu Oct 23 11:29:18 Loaded file C:\Program Files\Orcad\Layout\library\ISA.llb
Thu Oct 23 11:29:18 Loaded file C:\Program Files\Orcad\Layout\library\JUMPER.LLB
Thu Oct 23 11:29:18 Loaded file C:\Program Files\Orcad\Layout\library\LAYOUT.llb
Thu Oct 23 11:29:18 Loaded file C:\Program Files\Orcad\Layout\library\LCON100T.llb
Thu Oct 23 11:29:18 Loaded file C:\Program Files\Orcad\Layout\library\PC104.llb
Thu Oct 23 11:29:18 Loaded file C:\Program Files\Orcad\Layout\library\PCI.llb
Thu Oct 23 11:29:18 Loaded file C:\Program Files\Orcad\Layout\library\PCON100T.llb
Thu Oct 23 11:29:18 Loaded file C:\Program Files\Orcad\Layout\library\PCON156T.llb
Thu Oct 23 11:29:18 Loaded file C:\Program Files\Orcad\Layout\library\PGA.llb
Thu Oct 23 11:29:18 Loaded file C:\Program Files\Orcad\Layout\library\PLCC.llb
Thu Oct 23 11:29:18 Loaded file C:\Program Files\Orcad\Layout\library\QUAD.llb
Thu Oct 23 11:29:18 Loaded file C:\Program Files\Orcad\Layout\library\QUADB.llb
Thu Oct 23 11:29:18 Loaded file C:\Program Files\Orcad\Layout\library\RELAY.llb
Thu Oct 23 11:29:18 Loaded file C:\Program Files\Orcad\Layout\library\RF.llb
Thu Oct 23 11:29:18 Loaded file C:\Program Files\Orcad\Layout\library\SBUS.llb
Thu Oct 23 11:29:18 Loaded file C:\Program Files\Orcad\Layout\library\SIMM050F.llb
Thu Oct 23 11:29:18 Loaded file C:\Program Files\Orcad\Layout\library\SIMM050T.llb
Thu Oct 23 11:29:18 Loaded file C:\Program Files\Orcad\Layout\library\SIMM100F.llb
Thu Oct 23 11:29:18 Loaded file C:\Program Files\Orcad\Layout\library\SIMM100T.llb
Thu Oct 23 11:29:18 Loaded file C:\Program Files\Orcad\Layout\library\SIP.llb
Thu Oct 23 11:29:18 Loaded file C:\Program Files\Orcad\Layout\library\SM.llb
Thu Oct 23 11:29:18 Loaded file C:\Program Files\Orcad\Layout\library\SOG.llb
Thu Oct 23 11:29:18 Loaded file C:\Program Files\Orcad\Layout\library\SOJ.llb
Thu Oct 23 11:29:18 Loaded file C:\Program Files\Orcad\Layout\library\STIFF.llb
Thu Oct 23 11:29:18 Loaded file C:\Program Files\Orcad\Layout\library\TELE.llb
Thu Oct 23 11:29:18 Loaded file C:\Program Files\Orcad\Layout\library\TM_AXIAL.llb
Thu Oct 23 11:29:18 Loaded file C:\Program Files\Orcad\Layout\library\TM_CAP_P.llb
Thu Oct 23 11:29:18 Loaded file C:\Program Files\Orcad\Layout\library\TM_CYLND.llb
Thu Oct 23 11:29:18 Loaded file C:\Program Files\Orcad\Layout\library\TM_DIODE.llb
Thu Oct 23 11:29:18 Loaded file C:\Program Files\Orcad\Layout\library\TM_DISC.llb
Thu Oct 23 11:29:18 Loaded file C:\Program Files\Orcad\Layout\library\TM_RAD.llb
Thu Oct 23 11:29:18 Loaded file C:\Program Files\Orcad\Layout\library\TO.llb
Thu Oct 23 11:29:18 Loaded file C:\Program Files\Orcad\Layout\library\TRAINING.LLB
Thu Oct 23 11:29:18 Loaded file C:\Program Files\Orcad\Layout\library\VRES.llb
Thu Oct 23 11:29:18 Loaded file C:\Program Files\Orcad\Layout\library\WCON100T.llb
Thu Oct 23 11:29:18 Loaded file C:\Program Files\Orcad\Layout\library\XT.llb
Thu Oct 23 11:29:18 Loaded file C:\Program Files\Orcad\Layout\library\ZIGZAG.llb
Thu Oct 23 11:29:24 Loaded file C:\PROGRAM FILES\ORCAD\LAYOUT\data\template.imp
Thu Oct 23 11:29:24 Loaded file C:\PROGRAM FILES\ORCAD\LAYOUT\data\template.imp
Thu Oct 23 11:29:30 Loaded file E:\DOAN\9. [C8] PAYITFORWARD_FOOTPRINT_24022013.LLB
Thu Oct 23 11:29:40 Loaded file C:\PROGRAM FILES\ORCAD\LAYOUT\data\template.imp
Thu Oct 23 11:29:48 Loaded file C:\PROGRAM FILES\ORCAD\LAYOUT\data\template.imp
Thu Oct 23 11:29:49 Loaded file C:\PROGRAM FILES\ORCAD\LAYOUT\data\template.imp
Thu Oct 23 11:29:49 Loaded file C:\PROGRAM FILES\ORCAD\LAYOUT\data\template.imp
Thu Oct 23 11:30:02 Loaded file C:\PROGRAM FILES\ORCAD\LAYOUT\data\template.imp
Thu Oct 23 11:30:21 Loaded file C:\PROGRAM FILES\ORCAD\LAYOUT\data\template.imp
Thu Oct 23 11:30:22 Loaded file C:\PROGRAM FILES\ORCAD\LAYOUT\data\template.imp
Thu Oct 23 11:30:23 Loaded file C:\PROGRAM FILES\ORCAD\LAYOUT\data\template.imp
Thu Oct 23 11:30:24 Loaded file C:\PROGRAM FILES\ORCAD\LAYOUT\data\template.imp
Thu Oct 23 11:30:25 Loaded file C:\PROGRAM FILES\ORCAD\LAYOUT\data\template.imp
Thu Oct 23 11:30:26 Loaded file C:\PROGRAM FILES\ORCAD\LAYOUT\data\template.imp
Thu Oct 23 11:30:57 Loaded file E:\DOAN\HUONG DAN ORCAD PAYITFORWORD\9. PAYITFORWARD_FOOTPRINT_10082012\PAYITFORWARD_FOOTPRINT_10082012.LLB
Thu Oct 23 11:30:57 Saved as file E:\DOAN\MAINBOARD\FIX\CHIEN_3.MAX
Thu Oct 23 11:30:57 Loaded file E:\DOAN\MAINBOARD\FIX\CHIEN_3.MAX
Thu Oct 23 11:31:10 Saved as file E:\DOAN\MAINBOARD\FIX\CHIEN_3.MAX
Thu Oct 23 11:31:14 Saved as file E:\DOAN\MAINBOARD\FIX\CHIEN_3.MAX
Thu Oct 23 11:36:49 Saved as file BACKUP1.MAX
Thu Oct 23 11:46:50 Saved as file BACKUP1.MAX
Thu Oct 23 11:55:08 Saved as file E:\DOAN\MAINBOARD\FIX\CHIEN_3.MAX
Thu Oct 23 12:30:52 Loaded file E:\DOAN\MAINBOARD\FIX\CHIEN_3.MAX
Thu Oct 23 12:40:43 Saved as file BACKUP1.MAX
Thu Oct 23 12:50:43 Saved as file BACKUP1.MAX
Thu Oct 23 12:54:08 Saved as file Backup0.max
Thu Oct 23 12:54:08 Windows which were open at time of error:
Thu Oct 23 12:54:08 	ActiveWindow: &Design
Thu Oct 23 12:54:08 	Icon: &Components
Thu Oct 23 12:54:08 	Icon: &Nets
Thu Oct 23 12:54:08 	Icon: Post Proces&s
Thu Oct 23 12:54:08 End-of-list
Thu Oct 23 12:54:08 Loaded file BACKUP0.MAX
Thu Oct 23 13:04:38 Saved as file BACKUP1.MAX
Thu Oct 23 13:15:09 Saved as file BACKUP1.MAX
Thu Oct 23 13:22:42 Saved as file E:\DOAN\MAINBOARD\FIX\CHIEN_3.MAX
Thu Oct 23 13:25:09 Saved as file BACKUP1.MAX
Thu Oct 23 13:26:02 Saved as file E:\DOAN\MAINBOARD\FIX\CHIEN_3.MAX
Thu Oct 23 13:26:03 Saved as file E:\DOAN\MAINBOARD\FIX\CHIEN_3.MAX
Thu Oct 23 13:30:34 Saved as file Backup0.max
Thu Oct 23 13:30:34 Windows which were open at time of error:
Thu Oct 23 13:30:34 	ActiveWindow: &Design
Thu Oct 23 13:30:34 	Icon: &Components
Thu Oct 23 13:30:34 	Icon: &Nets
Thu Oct 23 13:30:34 	Icon: Post Proces&s
Thu Oct 23 13:30:34 End-of-list
Thu Oct 23 13:30:35 Loaded file BACKUP0.MAX
Thu Oct 23 14:06:43 Saved as file E:\DOAN\MAINBOARD\FIX\CHIEN_3.MAX
Thu Oct 23 14:08:08 Saved as file E:\DOAN\MAINBOARD\FIX\CHIEN_3.MAX
Thu Oct 23 14:09:44 Saved as file E:\DOAN\MAINBOARD\FIX\CHIEN_3.MAX
Thu Oct 23 14:12:12 Saved as file BACKUP1.MAX
Thu Oct 23 14:12:32 Saved as file E:\DOAN\MAINBOARD\FIX\CHIEN_3.MAX
Thu Oct 23 14:16:32 Saved as file E:\DOAN\MAINBOARD\FIX\CHIEN_3.MAX
Thu Oct 23 14:16:36 Error code 5255.048 (1836)
Thu Oct 23 14:16:36 Saved as file Backup0.max
Thu Oct 23 14:16:36 Windows which were open at time of error:
Thu Oct 23 14:16:36 	ActiveWindow: &Design
Thu Oct 23 14:16:36 	Icon: &Components
Thu Oct 23 14:16:36 	Icon: &Nets
Thu Oct 23 14:16:36 	Icon: Post Proces&s
Thu Oct 23 14:16:36 End-of-list
Thu Oct 23 14:16:36 Loaded file BACKUP0.MAX
Thu Oct 23 14:17:08 Saved as file E:\DOAN\MAINBOARD\FIX\CHIEN_3.MAX
Thu Oct 23 14:17:26 Saved as file E:\DOAN\MAINBOARD\FIX\CHIEN_3.MAX
Thu Oct 23 14:18:50 Saved as file E:\DOAN\MAINBOARD\FIX\CHIEN_3.MAX
Thu Oct 23 14:58:20 Saved as file BACKUP1.MAX
Thu Oct 23 15:09:20 Saved as file BACKUP1.MAX
Thu Oct 23 15:19:53 Saved as file Backup0.max
Thu Oct 23 15:19:53 Windows which were open at time of error:
Thu Oct 23 15:19:53 	ActiveWindow: &Design
Thu Oct 23 15:19:53 	Child: &Nets
Thu Oct 23 15:19:53 	Icon: &Components
Thu Oct 23 15:19:53 	Icon: Post Proces&s
Thu Oct 23 15:19:53 End-of-list
Thu Oct 23 15:19:53 Loaded file BACKUP0.MAX
Thu Oct 23 15:19:58 Saved as file E:\DOAN\MAINBOARD\FIX\CHIEN_3.MAX
Thu Oct 23 15:22:09 Saved as file E:\DOAN\MAINBOARD\FIX\CHIEN_3.MAX
Thu Oct 23 15:22:24 Loaded file C:\PROGRAM FILES\ORCAD\LAYOUT\data\template.imp
Thu Oct 23 15:22:24 Loaded file C:\PROGRAM FILES\ORCAD\LAYOUT\data\template.imp
Thu Oct 23 15:22:25 Saved as file E:\DOAN\MAINBOARD\FIX\CHIEN_3.MAX
Thu Oct 23 15:29:20 Saved as file E:\DOAN\MAINBOARD\FIX\CHIEN_3.MAX
Thu Oct 23 15:30:23 Saved as file BACKUP1.MAX
Thu Oct 23 15:36:06 Saved as file E:\DOAN\MAINBOARD\FIX\CHIEN_3.MAX
Thu Oct 23 15:40:23 Saved as file BACKUP1.MAX
Thu Oct 23 15:40:27 Saved as file E:\DOAN\MAINBOARD\FIX\CHIEN_3.MAX
Thu Oct 23 15:40:33 Saved as file E:\DOAN\MAINBOARD\FIX\CHIEN_4.MAX
Thu Oct 23 15:48:13 Saved as file E:\DOAN\MAINBOARD\FIX\CHIEN_4.MAX
Thu Oct 23 16:05:46 Saved as file E:\DOAN\MAINBOARD\FIX\CHIEN_4.MAX
Thu Oct 23 16:08:25 Error code 0022.049 (2)
Thu Oct 23 16:08:25 Saved as file Backup0.max
Thu Oct 23 16:08:25 Windows which were open at time of error:
Thu Oct 23 16:08:25 	ActiveWindow: &Design
Thu Oct 23 16:08:25 	Icon: &Components
Thu Oct 23 16:08:25 	Icon: &Nets
Thu Oct 23 16:08:25 	Icon: Post Proces&s
Thu Oct 23 16:08:25 End-of-list
Thu Oct 23 16:08:25 Loaded file BACKUP0.MAX
Thu Oct 23 16:09:08 Saved as file E:\DOAN\MAINBOARD\FIX\CHIEN_4.MAX
Thu Oct 23 16:19:55 Saved as file BACKUP1.MAX
Thu Oct 23 16:29:56 Saved as file BACKUP1.MAX
Thu Oct 23 16:31:48 Saved as file E:\DOAN\MAINBOARD\FIX\CHIEN_4.MAX
Thu Oct 23 16:35:53 Saved as file E:\DOAN\MAINBOARD\FIX\CHIEN_4.MAX
Thu Oct 23 16:37:52 Saved as file E:\DOAN\MAINBOARD\FIX\CHIEN_4.MAX
Thu Oct 23 16:39:56 Saved as file BACKUP1.MAX
Thu Oct 23 16:46:00 Saved as file E:\DOAN\MAINBOARD\FIX\CHIEN_4.MAX
Thu Oct 23 16:47:42 Saved as file E:\DOAN\MAINBOARD\FIX\CHIEN_4.MAX
Thu Oct 23 16:48:35 Saved as file E:\DOAN\MAINBOARD\FIX\CHIEN_4.MAX
Thu Oct 23 16:50:26 Saved as file BACKUP1.MAX
Thu Oct 23 16:51:01 Saved as file E:\DOAN\MAINBOARD\FIX\CHIEN_4.MAX
Thu Oct 23 16:53:45 Saved as file E:\DOAN\MAINBOARD\FIX\CHIEN_4.MAX
Thu Oct 23 16:55:04 Saved as file E:\DOAN\MAINBOARD\FIX\CHIEN_4.MAX
Thu Oct 23 16:55:56 Saved as file E:\DOAN\MAINBOARD\FIX\CHIEN_4.MAX
Thu Oct 23 16:56:37 Saved as file E:\DOAN\MAINBOARD\FIX\CHIEN_4.MAX
Thu Oct 23 16:56:53 Saved as file E:\DOAN\MAINBOARD\FIX\CHIEN_4.MAX
Thu Oct 23 16:58:07 Saved as file E:\DOAN\MAINBOARD\FIX\CHIEN_4.MAX
Thu Oct 23 16:59:07 Saved as file E:\DOAN\MAINBOARD\FIX\CHIEN_4.MAX
Thu Oct 23 17:00:30 Saved as file E:\DOAN\MAINBOARD\FIX\CHIEN_4.MAX
Thu Oct 23 17:00:57 Saved as file BACKUP1.MAX
Thu Oct 23 17:01:58 Saved as file E:\DOAN\MAINBOARD\FIX\CHIEN_4.MAX
Thu Oct 23 17:02:27 Saved as file E:\DOAN\MAINBOARD\FIX\CHIEN_4.MAX
Thu Oct 23 17:02:28 Saved as file E:\DOAN\MAINBOARD\FIX\CHIEN_4.MAX
Thu Oct 23 17:03:16 Saved as file E:\DOAN\MAINBOARD\FIX\CHIEN_4.MAX
Thu Oct 23 17:03:55 Saved as file E:\DOAN\MAINBOARD\FIX\CHIEN_4.MAX
Thu Oct 23 17:04:27 Saved as file E:\DOAN\MAINBOARD\FIX\CHIEN_4.MAX
Thu Oct 23 17:21:30 Saved as file E:\DOAN\MAINBOARD\FIX\CHIEN_4.MAX
Thu Oct 23 17:22:17 Saved as file BACKUP1.MAX
Thu Oct 23 17:22:17 Saved as file E:\DOAN\MAINBOARD\FIX\CHIEN_4.MAX
Thu Oct 23 17:22:18 UserDiv from Layout.INI for AutoECO: 60
Thu Oct 23 17:22:18 Loaded file E:\DOAN\MAINBOARD\FIX\CHIEN_4.MAX
Thu Oct 23 17:22:18 Loaded file C:\PROGRAM FILES\ORCAD\LAYOUT\LIBRARY\CHIEN.LLB
Thu Oct 23 17:22:18 Loaded file E:\DOAN\HUONG DAN ORCAD PAYITFORWORD\9. PAYITFORWARD_FOOTPRINT_10082012\IC64PINS.LLB
Thu Oct 23 17:22:18 Loaded file E:\DOAN\HUONG DAN ORCAD PAYITFORWORD\9. PAYITFORWARD_FOOTPRINT_10082012\PAYITFORWARD_FOOTPRINT_10082012.LLB
Thu Oct 23 17:22:18 Loaded file E:\DOAN\9. [C8] PAYITFORWARD_FOOTPRINT_24022013.LLB
Thu Oct 23 17:22:18 Loaded file C:\Program Files\Orcad\Layout\library\BCON100T.llb
Thu Oct 23 17:22:18 Loaded file C:\Program Files\Orcad\Layout\library\BCON156T.llb
Thu Oct 23 17:22:18 Loaded file C:\Program Files\Orcad\Layout\library\BGA.llb
Thu Oct 23 17:22:18 Loaded file C:\Program Files\Orcad\Layout\library\CLCC.llb
Thu Oct 23 17:22:18 Loaded file C:\Program Files\Orcad\Layout\library\DCON050T.llb
Thu Oct 23 17:22:18 Loaded file C:\Program Files\Orcad\Layout\library\DCON085T.llb
Thu Oct 23 17:22:18 Loaded file C:\Program Files\Orcad\Layout\library\DIMM050F.llb
Thu Oct 23 17:22:18 Loaded file C:\Program Files\Orcad\Layout\library\DIMM050T.llb
Thu Oct 23 17:22:18 Loaded file C:\Program Files\Orcad\Layout\library\DIN.llb
Thu Oct 23 17:22:18 Loaded file C:\Program Files\Orcad\Layout\library\DIP100B.llb
Thu Oct 23 17:22:18 Loaded file C:\Program Files\Orcad\Layout\library\DIP100T.llb
Thu Oct 23 17:22:18 Loaded file C:\Program Files\Orcad\Layout\library\DSUBT.llb
Thu Oct 23 17:22:18 Loaded file C:\Program Files\Orcad\Layout\library\DSUBT_HD.LLB
Thu Oct 23 17:22:18 Loaded file C:\Program Files\Orcad\Layout\library\ECON100T.llb
Thu Oct 23 17:22:18 Loaded file C:\Program Files\Orcad\Layout\library\FBUS.llb
Thu Oct 23 17:22:18 Loaded file C:\Program Files\Orcad\Layout\library\ISA.llb
Thu Oct 23 17:22:18 Loaded file C:\Program Files\Orcad\Layout\library\JUMPER.LLB
Thu Oct 23 17:22:18 Loaded file C:\Program Files\Orcad\Layout\library\LAYOUT.llb
Thu Oct 23 17:22:18 Loaded file C:\Program Files\Orcad\Layout\library\LCON100T.llb
Thu Oct 23 17:22:18 Loaded file C:\Program Files\Orcad\Layout\library\PC104.llb
Thu Oct 23 17:22:18 Loaded file C:\Program Files\Orcad\Layout\library\PCI.llb
Thu Oct 23 17:22:18 Loaded file C:\Program Files\Orcad\Layout\library\PCON100T.llb
Thu Oct 23 17:22:18 Loaded file C:\Program Files\Orcad\Layout\library\PCON156T.llb
Thu Oct 23 17:22:18 Loaded file C:\Program Files\Orcad\Layout\library\PGA.llb
Thu Oct 23 17:22:18 Loaded file C:\Program Files\Orcad\Layout\library\PLCC.llb
Thu Oct 23 17:22:18 Loaded file C:\Program Files\Orcad\Layout\library\QUAD.llb
Thu Oct 23 17:22:18 Loaded file C:\Program Files\Orcad\Layout\library\QUADB.llb
Thu Oct 23 17:22:18 Loaded file C:\Program Files\Orcad\Layout\library\RELAY.llb
Thu Oct 23 17:22:18 Loaded file C:\Program Files\Orcad\Layout\library\RF.llb
Thu Oct 23 17:22:18 Loaded file C:\Program Files\Orcad\Layout\library\SBUS.llb
Thu Oct 23 17:22:18 Loaded file C:\Program Files\Orcad\Layout\library\SIMM050F.llb
Thu Oct 23 17:22:18 Loaded file C:\Program Files\Orcad\Layout\library\SIMM050T.llb
Thu Oct 23 17:22:18 Loaded file C:\Program Files\Orcad\Layout\library\SIMM100F.llb
Thu Oct 23 17:22:18 Loaded file C:\Program Files\Orcad\Layout\library\SIMM100T.llb
Thu Oct 23 17:22:18 Loaded file C:\Program Files\Orcad\Layout\library\SIP.llb
Thu Oct 23 17:22:18 Loaded file C:\Program Files\Orcad\Layout\library\SM.llb
Thu Oct 23 17:22:18 Loaded file C:\Program Files\Orcad\Layout\library\SOG.llb
Thu Oct 23 17:22:18 Loaded file C:\Program Files\Orcad\Layout\library\SOJ.llb
Thu Oct 23 17:22:18 Loaded file C:\Program Files\Orcad\Layout\library\STIFF.llb
Thu Oct 23 17:22:18 Loaded file C:\Program Files\Orcad\Layout\library\TELE.llb
Thu Oct 23 17:22:18 Loaded file C:\Program Files\Orcad\Layout\library\TM_AXIAL.llb
Thu Oct 23 17:22:18 Loaded file C:\Program Files\Orcad\Layout\library\TM_CAP_P.llb
Thu Oct 23 17:22:18 Loaded file C:\Program Files\Orcad\Layout\library\TM_CYLND.llb
Thu Oct 23 17:22:18 Loaded file C:\Program Files\Orcad\Layout\library\TM_DIODE.llb
Thu Oct 23 17:22:18 Loaded file C:\Program Files\Orcad\Layout\library\TM_DISC.llb
Thu Oct 23 17:22:18 Loaded file C:\Program Files\Orcad\Layout\library\TM_RAD.llb
Thu Oct 23 17:22:18 Loaded file C:\Program Files\Orcad\Layout\library\TO.llb
Thu Oct 23 17:22:18 Loaded file C:\Program Files\Orcad\Layout\library\TRAINING.LLB
Thu Oct 23 17:22:18 Loaded file C:\Program Files\Orcad\Layout\library\VRES.llb
Thu Oct 23 17:22:18 Loaded file C:\Program Files\Orcad\Layout\library\WCON100T.llb
Thu Oct 23 17:22:18 Loaded file C:\Program Files\Orcad\Layout\library\XT.llb
Thu Oct 23 17:22:18 Loaded file C:\Program Files\Orcad\Layout\library\ZIGZAG.llb
Thu Oct 23 17:22:18 Saved as file E:\DOAN\MAINBOARD\FIX\CHIEN_4.MAX
Thu Oct 23 17:22:19 Loaded file E:\DOAN\MAINBOARD\FIX\CHIEN_4.MAX
Thu Oct 23 17:23:04 Saved as file E:\DOAN\MAINBOARD\FIX\CHIEN_4.MAX
Fri Oct 24 15:00:23 Loaded file E:\DOAN\MAINBOARD\FIX\CHIEN_4.MAX
Fri Oct 24 15:07:23 Saved as file E:\DOAN\MAINBOARD\FIX\CHIEN_4.MAX
Fri Oct 24 15:09:05 Loaded file C:\PROGRAM FILES\ORCAD\LAYOUT\data\template.imp
Fri Oct 24 15:09:05 Loaded file C:\PROGRAM FILES\ORCAD\LAYOUT\data\template.imp
Fri Oct 24 15:09:12 Loaded file C:\PROGRAM FILES\ORCAD\LAYOUT\data\template.imp
Fri Oct 24 15:09:28 Loaded file C:\PROGRAM FILES\ORCAD\LAYOUT\data\template.imp
Fri Oct 24 15:09:29 Loaded file C:\PROGRAM FILES\ORCAD\LAYOUT\data\template.imp
Fri Oct 24 15:09:31 Loaded file C:\PROGRAM FILES\ORCAD\LAYOUT\data\template.imp
Fri Oct 24 15:11:50 Loaded file C:\PROGRAM FILES\ORCAD\LAYOUT\data\template.imp
Fri Oct 24 15:12:01 Loaded file C:\PROGRAM FILES\ORCAD\LAYOUT\data\template.imp
Fri Oct 24 15:12:02 Loaded file C:\PROGRAM FILES\ORCAD\LAYOUT\data\template.imp
Fri Oct 24 15:12:03 Loaded file C:\PROGRAM FILES\ORCAD\LAYOUT\data\template.imp
Fri Oct 24 15:12:13 Loaded file C:\PROGRAM FILES\ORCAD\LAYOUT\data\template.imp
Fri Oct 24 15:12:14 Loaded file C:\PROGRAM FILES\ORCAD\LAYOUT\data\template.imp
Fri Oct 24 15:13:35 Saved as file BACKUP1.MAX
Fri Oct 24 15:19:58 Saved as file E:\DOAN\MAINBOARD\FIX\CHIEN_4.MAX
Fri Oct 24 15:23:35 Saved as file BACKUP1.MAX
Fri Oct 24 16:05:14 Saved as file BACKUP1.MAX
Fri Oct 24 16:05:14 Saved as file E:\DOAN\MAINBOARD\FIX\CHIEN_4.MAX
Fri Oct 24 16:05:14 UserDiv from Layout.INI for AutoECO: 60
Fri Oct 24 16:05:14 Loaded file E:\DOAN\MAINBOARD\FIX\CHIEN_4.MAX
Fri Oct 24 16:05:14 Loaded file C:\PROGRAM FILES\ORCAD\LAYOUT\LIBRARY\CHIEN.LLB
Fri Oct 24 16:05:14 Loaded file E:\DOAN\HUONG DAN ORCAD PAYITFORWORD\9. PAYITFORWARD_FOOTPRINT_10082012\IC64PINS.LLB
Fri Oct 24 16:05:14 Loaded file E:\DOAN\HUONG DAN ORCAD PAYITFORWORD\9. PAYITFORWARD_FOOTPRINT_10082012\PAYITFORWARD_FOOTPRINT_10082012.LLB
Fri Oct 24 16:05:14 Loaded file E:\DOAN\9. [C8] PAYITFORWARD_FOOTPRINT_24022013.LLB
Fri Oct 24 16:05:14 Loaded file C:\Program Files\Orcad\Layout\library\BCON100T.llb
Fri Oct 24 16:05:14 Loaded file C:\Program Files\Orcad\Layout\library\BCON156T.llb
Fri Oct 24 16:05:14 Loaded file C:\Program Files\Orcad\Layout\library\BGA.llb
Fri Oct 24 16:05:14 Loaded file C:\Program Files\Orcad\Layout\library\CLCC.llb
Fri Oct 24 16:05:14 Loaded file C:\Program Files\Orcad\Layout\library\DCON050T.llb
Fri Oct 24 16:05:14 Loaded file C:\Program Files\Orcad\Layout\library\DCON085T.llb
Fri Oct 24 16:05:14 Loaded file C:\Program Files\Orcad\Layout\library\DIMM050F.llb
Fri Oct 24 16:05:14 Loaded file C:\Program Files\Orcad\Layout\library\DIMM050T.llb
Fri Oct 24 16:05:14 Loaded file C:\Program Files\Orcad\Layout\library\DIN.llb
Fri Oct 24 16:05:14 Loaded file C:\Program Files\Orcad\Layout\library\DIP100B.llb
Fri Oct 24 16:05:14 Loaded file C:\Program Files\Orcad\Layout\library\DIP100T.llb
Fri Oct 24 16:05:14 Loaded file C:\Program Files\Orcad\Layout\library\DSUBT.llb
Fri Oct 24 16:05:14 Loaded file C:\Program Files\Orcad\Layout\library\DSUBT_HD.LLB
Fri Oct 24 16:05:14 Loaded file C:\Program Files\Orcad\Layout\library\ECON100T.llb
Fri Oct 24 16:05:14 Loaded file C:\Program Files\Orcad\Layout\library\FBUS.llb
Fri Oct 24 16:05:14 Loaded file C:\Program Files\Orcad\Layout\library\ISA.llb
Fri Oct 24 16:05:14 Loaded file C:\Program Files\Orcad\Layout\library\JUMPER.LLB
Fri Oct 24 16:05:14 Loaded file C:\Program Files\Orcad\Layout\library\LAYOUT.llb
Fri Oct 24 16:05:14 Loaded file C:\Program Files\Orcad\Layout\library\LCON100T.llb
Fri Oct 24 16:05:14 Loaded file C:\Program Files\Orcad\Layout\library\PC104.llb
Fri Oct 24 16:05:14 Loaded file C:\Program Files\Orcad\Layout\library\PCI.llb
Fri Oct 24 16:05:14 Loaded file C:\Program Files\Orcad\Layout\library\PCON100T.llb
Fri Oct 24 16:05:14 Loaded file C:\Program Files\Orcad\Layout\library\PCON156T.llb
Fri Oct 24 16:05:14 Loaded file C:\Program Files\Orcad\Layout\library\PGA.llb
Fri Oct 24 16:05:14 Loaded file C:\Program Files\Orcad\Layout\library\PLCC.llb
Fri Oct 24 16:05:14 Loaded file C:\Program Files\Orcad\Layout\library\QUAD.llb
Fri Oct 24 16:05:14 Loaded file C:\Program Files\Orcad\Layout\library\QUADB.llb
Fri Oct 24 16:05:14 Loaded file C:\Program Files\Orcad\Layout\library\RELAY.llb
Fri Oct 24 16:05:14 Loaded file C:\Program Files\Orcad\Layout\library\RF.llb
Fri Oct 24 16:05:14 Loaded file C:\Program Files\Orcad\Layout\library\SBUS.llb
Fri Oct 24 16:05:14 Loaded file C:\Program Files\Orcad\Layout\library\SIMM050F.llb
Fri Oct 24 16:05:14 Loaded file C:\Program Files\Orcad\Layout\library\SIMM050T.llb
Fri Oct 24 16:05:14 Loaded file C:\Program Files\Orcad\Layout\library\SIMM100F.llb
Fri Oct 24 16:05:14 Loaded file C:\Program Files\Orcad\Layout\library\SIMM100T.llb
Fri Oct 24 16:05:14 Loaded file C:\Program Files\Orcad\Layout\library\SIP.llb
Fri Oct 24 16:05:14 Loaded file C:\Program Files\Orcad\Layout\library\SM.llb
Fri Oct 24 16:05:14 Loaded file C:\Program Files\Orcad\Layout\library\SOG.llb
Fri Oct 24 16:05:14 Loaded file C:\Program Files\Orcad\Layout\library\SOJ.llb
Fri Oct 24 16:05:14 Loaded file C:\Program Files\Orcad\Layout\library\STIFF.llb
Fri Oct 24 16:05:14 Loaded file C:\Program Files\Orcad\Layout\library\TELE.llb
Fri Oct 24 16:05:14 Loaded file C:\Program Files\Orcad\Layout\library\TM_AXIAL.llb
Fri Oct 24 16:05:14 Loaded file C:\Program Files\Orcad\Layout\library\TM_CAP_P.llb
Fri Oct 24 16:05:14 Loaded file C:\Program Files\Orcad\Layout\library\TM_CYLND.llb
Fri Oct 24 16:05:14 Loaded file C:\Program Files\Orcad\Layout\library\TM_DIODE.llb
Fri Oct 24 16:05:14 Loaded file C:\Program Files\Orcad\Layout\library\TM_DISC.llb
Fri Oct 24 16:05:14 Loaded file C:\Program Files\Orcad\Layout\library\TM_RAD.llb
Fri Oct 24 16:05:14 Loaded file C:\Program Files\Orcad\Layout\library\TO.llb
Fri Oct 24 16:05:14 Loaded file C:\Program Files\Orcad\Layout\library\TRAINING.LLB
Fri Oct 24 16:05:14 Loaded file C:\Program Files\Orcad\Layout\library\VRES.llb
Fri Oct 24 16:05:14 Loaded file C:\Program Files\Orcad\Layout\library\WCON100T.llb
Fri Oct 24 16:05:14 Loaded file C:\Program Files\Orcad\Layout\library\XT.llb
Fri Oct 24 16:05:14 Loaded file C:\Program Files\Orcad\Layout\library\ZIGZAG.llb
Fri Oct 24 16:05:16 Loaded file C:\PROGRAM FILES\ORCAD\LAYOUT\data\template.imp
Fri Oct 24 16:05:16 Loaded file C:\PROGRAM FILES\ORCAD\LAYOUT\data\template.imp
Fri Oct 24 16:05:21 Loaded file C:\PROGRAM FILES\ORCAD\LAYOUT\data\template.imp
Fri Oct 24 16:05:22 Loaded file C:\PROGRAM FILES\ORCAD\LAYOUT\data\template.imp
Fri Oct 24 16:05:23 Loaded file E:\DOAN\HUONG DAN ORCAD PAYITFORWORD\9. PAYITFORWARD_FOOTPRINT_10082012\PAYITFORWARD_FOOTPRINT_10082012.LLB
Fri Oct 24 16:05:23 Saved as file E:\DOAN\MAINBOARD\FIX\CHIEN_4.MAX
Fri Oct 24 16:05:23 Loaded file E:\DOAN\MAINBOARD\FIX\CHIEN_4.MAX
Fri Oct 24 16:15:40 Saved as file BACKUP1.MAX
Fri Oct 24 16:25:35 Saved as file E:\DOAN\MAINBOARD\FIX\CHIEN_4.MAX
Fri Oct 24 16:25:41 Saved as file BACKUP1.MAX
Fri Oct 24 16:31:14 Saved as file BACKUP1.MAX
Fri Oct 24 16:31:14 Saved as file E:\DOAN\MAINBOARD\FIX\CHIEN_4.MAX
Fri Oct 24 16:31:14 UserDiv from Layout.INI for AutoECO: 60
Fri Oct 24 16:31:14 Loaded file E:\DOAN\MAINBOARD\FIX\CHIEN_4.MAX
Fri Oct 24 16:31:14 Loaded file C:\PROGRAM FILES\ORCAD\LAYOUT\LIBRARY\CHIEN.LLB
Fri Oct 24 16:31:14 Loaded file E:\DOAN\HUONG DAN ORCAD PAYITFORWORD\9. PAYITFORWARD_FOOTPRINT_10082012\IC64PINS.LLB
Fri Oct 24 16:31:14 Loaded file E:\DOAN\HUONG DAN ORCAD PAYITFORWORD\9. PAYITFORWARD_FOOTPRINT_10082012\PAYITFORWARD_FOOTPRINT_10082012.LLB
Fri Oct 24 16:31:14 Loaded file E:\DOAN\9. [C8] PAYITFORWARD_FOOTPRINT_24022013.LLB
Fri Oct 24 16:31:14 Loaded file C:\Program Files\Orcad\Layout\library\BCON100T.llb
Fri Oct 24 16:31:14 Loaded file C:\Program Files\Orcad\Layout\library\BCON156T.llb
Fri Oct 24 16:31:14 Loaded file C:\Program Files\Orcad\Layout\library\BGA.llb
Fri Oct 24 16:31:14 Loaded file C:\Program Files\Orcad\Layout\library\CLCC.llb
Fri Oct 24 16:31:14 Loaded file C:\Program Files\Orcad\Layout\library\DCON050T.llb
Fri Oct 24 16:31:14 Loaded file C:\Program Files\Orcad\Layout\library\DCON085T.llb
Fri Oct 24 16:31:14 Loaded file C:\Program Files\Orcad\Layout\library\DIMM050F.llb
Fri Oct 24 16:31:14 Loaded file C:\Program Files\Orcad\Layout\library\DIMM050T.llb
Fri Oct 24 16:31:14 Loaded file C:\Program Files\Orcad\Layout\library\DIN.llb
Fri Oct 24 16:31:14 Loaded file C:\Program Files\Orcad\Layout\library\DIP100B.llb
Fri Oct 24 16:31:14 Loaded file C:\Program Files\Orcad\Layout\library\DIP100T.llb
Fri Oct 24 16:31:14 Loaded file C:\Program Files\Orcad\Layout\library\DSUBT.llb
Fri Oct 24 16:31:14 Loaded file C:\Program Files\Orcad\Layout\library\DSUBT_HD.LLB
Fri Oct 24 16:31:14 Loaded file C:\Program Files\Orcad\Layout\library\ECON100T.llb
Fri Oct 24 16:31:14 Loaded file C:\Program Files\Orcad\Layout\library\FBUS.llb
Fri Oct 24 16:31:14 Loaded file C:\Program Files\Orcad\Layout\library\ISA.llb
Fri Oct 24 16:31:14 Loaded file C:\Program Files\Orcad\Layout\library\JUMPER.LLB
Fri Oct 24 16:31:14 Loaded file C:\Program Files\Orcad\Layout\library\LAYOUT.llb
Fri Oct 24 16:31:14 Loaded file C:\Program Files\Orcad\Layout\library\LCON100T.llb
Fri Oct 24 16:31:14 Loaded file C:\Program Files\Orcad\Layout\library\PC104.llb
Fri Oct 24 16:31:14 Loaded file C:\Program Files\Orcad\Layout\library\PCI.llb
Fri Oct 24 16:31:14 Loaded file C:\Program Files\Orcad\Layout\library\PCON100T.llb
Fri Oct 24 16:31:14 Loaded file C:\Program Files\Orcad\Layout\library\PCON156T.llb
Fri Oct 24 16:31:15 Loaded file C:\Program Files\Orcad\Layout\library\PGA.llb
Fri Oct 24 16:31:15 Loaded file C:\Program Files\Orcad\Layout\library\PLCC.llb
Fri Oct 24 16:31:15 Loaded file C:\Program Files\Orcad\Layout\library\QUAD.llb
Fri Oct 24 16:31:15 Loaded file C:\Program Files\Orcad\Layout\library\QUADB.llb
Fri Oct 24 16:31:15 Loaded file C:\Program Files\Orcad\Layout\library\RELAY.llb
Fri Oct 24 16:31:15 Loaded file C:\Program Files\Orcad\Layout\library\RF.llb
Fri Oct 24 16:31:15 Loaded file C:\Program Files\Orcad\Layout\library\SBUS.llb
Fri Oct 24 16:31:15 Loaded file C:\Program Files\Orcad\Layout\library\SIMM050F.llb
Fri Oct 24 16:31:15 Loaded file C:\Program Files\Orcad\Layout\library\SIMM050T.llb
Fri Oct 24 16:31:15 Loaded file C:\Program Files\Orcad\Layout\library\SIMM100F.llb
Fri Oct 24 16:31:15 Loaded file C:\Program Files\Orcad\Layout\library\SIMM100T.llb
Fri Oct 24 16:31:15 Loaded file C:\Program Files\Orcad\Layout\library\SIP.llb
Fri Oct 24 16:31:15 Loaded file C:\Program Files\Orcad\Layout\library\SM.llb
Fri Oct 24 16:31:15 Loaded file C:\Program Files\Orcad\Layout\library\SOG.llb
Fri Oct 24 16:31:15 Loaded file C:\Program Files\Orcad\Layout\library\SOJ.llb
Fri Oct 24 16:31:15 Loaded file C:\Program Files\Orcad\Layout\library\STIFF.llb
Fri Oct 24 16:31:15 Loaded file C:\Program Files\Orcad\Layout\library\TELE.llb
Fri Oct 24 16:31:15 Loaded file C:\Program Files\Orcad\Layout\library\TM_AXIAL.llb
Fri Oct 24 16:31:15 Loaded file C:\Program Files\Orcad\Layout\library\TM_CAP_P.llb
Fri Oct 24 16:31:15 Loaded file C:\Program Files\Orcad\Layout\library\TM_CYLND.llb
Fri Oct 24 16:31:15 Loaded file C:\Program Files\Orcad\Layout\library\TM_DIODE.llb
Fri Oct 24 16:31:15 Loaded file C:\Program Files\Orcad\Layout\library\TM_DISC.llb
Fri Oct 24 16:31:15 Loaded file C:\Program Files\Orcad\Layout\library\TM_RAD.llb
Fri Oct 24 16:31:15 Loaded file C:\Program Files\Orcad\Layout\library\TO.llb
Fri Oct 24 16:31:15 Loaded file C:\Program Files\Orcad\Layout\library\TRAINING.LLB
Fri Oct 24 16:31:15 Loaded file C:\Program Files\Orcad\Layout\library\VRES.llb
Fri Oct 24 16:31:15 Loaded file C:\Program Files\Orcad\Layout\library\WCON100T.llb
Fri Oct 24 16:31:15 Loaded file C:\Program Files\Orcad\Layout\library\XT.llb
Fri Oct 24 16:31:15 Loaded file C:\Program Files\Orcad\Layout\library\ZIGZAG.llb
Fri Oct 24 16:31:16 Loaded file C:\PROGRAM FILES\ORCAD\LAYOUT\data\template.imp
Fri Oct 24 16:31:16 Loaded file C:\PROGRAM FILES\ORCAD\LAYOUT\data\template.imp
Fri Oct 24 16:31:20 Loaded file C:\PROGRAM FILES\ORCAD\LAYOUT\data\template.imp
Fri Oct 24 16:31:21 Loaded file E:\DOAN\HUONG DAN ORCAD PAYITFORWORD\9. PAYITFORWARD_FOOTPRINT_10082012\PAYITFORWARD_FOOTPRINT_10082012.LLB
Fri Oct 24 16:31:21 Saved as file E:\DOAN\MAINBOARD\FIX\CHIEN_4.MAX
Fri Oct 24 16:31:21 Loaded file E:\DOAN\MAINBOARD\FIX\CHIEN_4.MAX
Fri Oct 24 16:35:35 Saved as file E:\DOAN\MAINBOARD\FIX\CHIEN_4.MAX
Mon Oct 27 12:24:39 Saved as file BACKUP1.MAX
Mon Oct 27 12:30:44 Saved as file E:\DOAN\MAINBOARD\FIX\CHIEN_4.MAX
Mon Oct 27 12:34:39 Saved as file BACKUP1.MAX
Mon Oct 27 12:44:40 Saved as file BACKUP1.MAX
Mon Oct 27 12:55:10 Saved as file BACKUP1.MAX
Mon Oct 27 13:03:59 Saved as file E:\DOAN\MAINBOARD\FIX\CHIEN_4.MAX
Mon Oct 27 13:04:21 Loaded file E:\DOAN\MAINBOARD\FIX\CHIEN_4.MAX
Mon Oct 27 13:05:40 Saved as file BACKUP1.MAX
Mon Oct 27 13:18:52 Saved as file E:\DOAN\MAINBOARD\FIX\CHIEN_4.MAX
Mon Oct 27 13:20:41 Saved as file BACKUP1.MAX
Mon Oct 27 13:23:15 Saved as file E:\DOAN\MAINBOARD\FIX\CHIEN_4.MAX
Mon Oct 27 13:28:16 Saved as file E:\DOAN\MAINBOARD\FIX\CHIEN_4.MAX
Mon Oct 27 13:31:12 Saved as file BACKUP1.MAX
Mon Oct 27 13:37:35 Saved as file E:\DOAN\MAINBOARD\FIX\CHIEN_4.MAX
Mon Oct 27 13:41:12 Saved as file BACKUP1.MAX
Mon Oct 27 13:41:18 Saved as file E:\DOAN\MAINBOARD\FIX\CHIEN_4.MAX
Mon Oct 27 13:46:58 Saved as file E:\DOAN\MAINBOARD\FIX\CHIEN_4.MAX
Mon Oct 27 13:48:14 Saved as file E:\DOAN\MAINBOARD\FIX\CHIEN_4.MAX
Mon Oct 27 13:48:15 Saved as file E:\DOAN\MAINBOARD\FIX\CHIEN_4.MAX
Mon Oct 27 16:50:15 Saved as file BACKUP1.MAX
Mon Oct 27 16:53:17 Saved as file E:\DOAN\MAINBOARD\FIX\CHIEN_4.MAX
Mon Oct 27 16:54:04 Saved as file E:\DOAN\MAINBOARD\FIX\CHIEN_4.MAX
Mon Oct 27 16:58:02 Saved as file E:\DOAN\MAINBOARD\FIX\CHIEN_4.MAX
Mon Oct 27 16:58:59 Saved as file E:\DOAN\MAINBOARD\FIX\CHIEN_4.MAX
Mon Oct 27 16:59:32 Saved as file E:\DOAN\MAINBOARD\FIX\CHIEN_4.MAX
Mon Oct 27 20:15:17 Saved as file BACKUP1.MAX
Mon Oct 27 20:17:37 Saved as file E:\DOAN\MAINBOARD\FIX\IN.MAX
Mon Oct 27 20:18:13 Saved as file E:\DOAN\MAINBOARD\FIX\IN.MAX
Mon Oct 27 20:25:59 Saved as file BACKUP1.MAX
Mon Oct 27 20:34:04 Saved as file BACKUP1.MAX
Wed Oct 29 08:46:55 Saved as file E:\DOAN\MAINBOARD\FIX\IN.MAX
Wed Oct 29 09:01:47 Saved as file E:\DOAN\MAINBOARD\FIX\IN.MAX
Wed Oct 29 09:02:21 Saved as file BACKUP1.MAX
Wed Oct 29 09:09:06 Saved as file E:\DOAN\MAINBOARD\FIX\IN.MAX
Wed Oct 29 09:10:09 Saved as file E:\DOAN\MAINBOARD\FIX\IN.MAX
Wed Oct 29 09:12:22 Saved as file BACKUP1.MAX
Wed Oct 29 09:18:09 Saved as file E:\DOAN\MAINBOARD\FIX\IN.MAX
Wed Oct 29 09:59:44 Error code 0022.049 (25)
Wed Oct 29 09:59:44 Saved as file Backup0.max
Wed Oct 29 09:59:44 Windows which were open at time of error:
Wed Oct 29 09:59:44 	ActiveWindow: &Design
Wed Oct 29 09:59:44 	Icon: &Components
Wed Oct 29 09:59:44 	Icon: &Nets
Wed Oct 29 09:59:44 	Icon: Post Proces&s
Wed Oct 29 09:59:44 End-of-list
Wed Oct 29 09:59:44 Loaded file BACKUP0.MAX
Wed Oct 29 10:11:15 Saved as file BACKUP1.MAX
Wed Oct 29 10:23:45 Saved as file BACKUP1.MAX
Wed Oct 29 10:33:45 Saved as file BACKUP1.MAX
Wed Oct 29 10:43:46 Saved as file BACKUP1.MAX
Wed Oct 29 10:54:16 Saved as file BACKUP1.MAX
Wed Oct 29 10:57:36 Loaded file C:\PROGRAM FILES\ORCAD\LAYOUT\data\template.imp
Wed Oct 29 10:57:36 Loaded file C:\PROGRAM FILES\ORCAD\LAYOUT\data\template.imp
Wed Oct 29 11:00:34 Loaded file C:\PROGRAM FILES\ORCAD\LAYOUT\data\template.imp
Wed Oct 29 11:00:34 Loaded file C:\PROGRAM FILES\ORCAD\LAYOUT\data\template.imp
Wed Oct 29 11:00:34 Loaded file C:\PROGRAM FILES\ORCAD\LAYOUT\data\template.imp
Wed Oct 29 11:00:34 Loaded file C:\PROGRAM FILES\ORCAD\LAYOUT\data\template.imp
Wed Oct 29 11:00:36 Loaded file E:\DOAN\MAINBOARD\FINAL\ST_MAIN_TUNG\SPRAY_MAIN\THAY_TUNG.LLB
Wed Oct 29 11:00:41 Loaded file C:\PROGRAM FILES\ORCAD\LAYOUT\data\template.imp
Wed Oct 29 11:00:41 Loaded file C:\PROGRAM FILES\ORCAD\LAYOUT\data\template.imp
Wed Oct 29 11:00:42 Loaded file C:\PROGRAM FILES\ORCAD\LAYOUT\data\template.imp
Wed Oct 29 11:00:43 Loaded file C:\PROGRAM FILES\ORCAD\LAYOUT\data\template.imp
Wed Oct 29 11:00:44 Loaded file C:\PROGRAM FILES\ORCAD\LAYOUT\data\template.imp
Wed Oct 29 11:00:45 Loaded file E:\DOAN\MAINBOARD\FINAL\ST_MAIN_TUNG\SPRAY_MAIN\THAY_TUNG.LLB
Wed Oct 29 11:00:47 Loaded file E:\DOAN\MAINBOARD\FINAL\ST_MAIN_TUNG\SPRAY_MAIN\THAY_TUNG.LLB
Wed Oct 29 11:00:49 Loaded file C:\PROGRAM FILES\ORCAD\LAYOUT\data\template.imp
Wed Oct 29 11:00:50 Loaded file C:\PROGRAM FILES\ORCAD\LAYOUT\data\template.imp
Wed Oct 29 11:01:32 Loaded file C:\PROGRAM FILES\ORCAD\LAYOUT\data\template.imp
Wed Oct 29 11:01:32 Loaded file C:\PROGRAM FILES\ORCAD\LAYOUT\data\template.imp
Wed Oct 29 11:01:32 Loaded file C:\PROGRAM FILES\ORCAD\LAYOUT\data\template.imp
Wed Oct 29 11:01:32 Loaded file C:\PROGRAM FILES\ORCAD\LAYOUT\data\template.imp
Wed Oct 29 11:01:34 Loaded file E:\DOAN\MAINBOARD\FINAL\ST_MAIN_TUNG\SPRAY_MAIN\THAY_TUNG.LLB
Wed Oct 29 11:01:35 Loaded file C:\PROGRAM FILES\ORCAD\LAYOUT\data\template.imp
Wed Oct 29 11:02:07 Loaded file C:\PROGRAM FILES\ORCAD\LAYOUT\data\template.imp
Wed Oct 29 11:02:07 Loaded file C:\PROGRAM FILES\ORCAD\LAYOUT\data\template.imp
Wed Oct 29 11:02:07 Loaded file C:\PROGRAM FILES\ORCAD\LAYOUT\data\template.imp
Wed Oct 29 11:02:07 Loaded file C:\PROGRAM FILES\ORCAD\LAYOUT\data\template.imp
Wed Oct 29 11:02:09 Loaded file E:\DOAN\MAINBOARD\FINAL\ST_MAIN_TUNG\SPRAY_MAIN\THAY_TUNG.LLB
Wed Oct 29 11:02:10 Loaded file C:\PROGRAM FILES\ORCAD\LAYOUT\data\template.imp
Wed Oct 29 11:02:10 Loaded file C:\PROGRAM FILES\ORCAD\LAYOUT\data\template.imp
Wed Oct 29 11:03:08 Loaded file C:\PROGRAM FILES\ORCAD\LAYOUT\data\template.imp
Wed Oct 29 11:03:08 Loaded file C:\PROGRAM FILES\ORCAD\LAYOUT\data\template.imp
Wed Oct 29 11:03:08 Loaded file C:\PROGRAM FILES\ORCAD\LAYOUT\data\template.imp
Wed Oct 29 11:03:08 Loaded file C:\PROGRAM FILES\ORCAD\LAYOUT\data\template.imp
Wed Oct 29 11:03:10 Loaded file E:\DOAN\MAINBOARD\FINAL\ST_MAIN_TUNG\SPRAY_MAIN\THAY_TUNG.LLB
Wed Oct 29 11:03:11 Loaded file C:\PROGRAM FILES\ORCAD\LAYOUT\data\template.imp
Wed Oct 29 11:03:40 Saved as file E:\DOAN\MAINBOARD\FIX\IN.MAX
Wed Oct 29 11:17:20 Saved as file E:\DOAN\MAINBOARD\FIX\IN.MAX
Wed Oct 29 11:22:13 Saved as file BACKUP1.MAX
Wed Oct 29 11:22:13 Saved as file BACKUP1.MAX
Wed Oct 29 11:22:13 Saved as file BACKUP1.MAX
Wed Oct 29 11:22:13 Saved as file BACKUP1.MAX
Wed Oct 29 11:22:13 Saved as file BACKUP1.MAX
Wed Oct 29 11:22:13 Saved as file BACKUP1.MAX
Wed Oct 29 11:22:13 Saved as file BACKUP1.MAX
Wed Oct 29 11:22:13 Saved as file BACKUP1.MAX
Wed Oct 29 11:22:13 Saved as file BACKUP1.MAX
Wed Oct 29 11:22:13 Saved as file BACKUP1.MAX
Wed Oct 29 11:22:13 Saved as file BACKUP1.MAX
Wed Oct 29 11:22:13 Saved as file BACKUP1.MAX
Wed Oct 29 11:22:13 Routed 1 connections in 0 seconds.
Wed Oct 29 11:22:13 Total is now 119 out of 126 (94%).
Wed Oct 29 11:22:13 Saved as file SWEEP1.MAX
Wed Oct 29 11:22:14 Saved as file BACKUP1.MAX
Wed Oct 29 11:22:14 Saved as file BACKUP1.MAX
Wed Oct 29 11:22:14 Saved as file BACKUP1.MAX
Wed Oct 29 11:22:14 Saved as file BACKUP1.MAX
Wed Oct 29 11:22:14 Saved as file BACKUP1.MAX
Wed Oct 29 11:22:14 Saved as file BACKUP1.MAX
Wed Oct 29 11:22:14 Saved as file BACKUP1.MAX
Wed Oct 29 11:22:14 Saved as file BACKUP1.MAX
Wed Oct 29 11:22:14 Saved as file BACKUP1.MAX
Wed Oct 29 11:22:14 Saved as file BACKUP1.MAX
Wed Oct 29 11:22:15 Saved as file BACKUP1.MAX
Wed Oct 29 11:22:15 Saved as file BACKUP1.MAX
Wed Oct 29 11:22:15 Routed 7 connections in 1 seconds.
Wed Oct 29 11:22:15 Total is now 126 out of 126 (100%).
Wed Oct 29 11:22:15 Saved as file SWEEP2.MAX
Wed Oct 29 11:22:15 No new connections routed.
Wed Oct 29 11:22:15 Total is now 126 out of 126 (100%).
Wed Oct 29 11:22:15 Saved as file SWEEP3.MAX
Wed Oct 29 11:22:15 No new connections routed.
Wed Oct 29 11:22:15 Total is now 126 out of 126 (100%).
Wed Oct 29 11:22:15 Saved as file SWEEP4.MAX
Wed Oct 29 11:22:15 No new connections routed.
Wed Oct 29 11:22:15 Total is now 126 out of 126 (100%).
Wed Oct 29 11:22:15 Saved as file SWEEP5.MAX
Wed Oct 29 11:26:52 Saved as file E:\DOAN\MAINBOARD\FIX\IN.MAX
Wed Oct 29 11:26:58 Saved as file E:\DOAN\MAINBOARD\FIX\IN.MAX
Wed Oct 29 11:35:28 Loaded file C:\Program Files\Orcad\Layout\data\template.imp
Wed Oct 29 11:35:28 Loaded file C:\Program Files\Orcad\Layout\data\template.imp
Wed Oct 29 11:35:28 Loaded file C:\Program Files\Orcad\Layout\data\template.imp
Wed Oct 29 11:35:28 Loaded file C:\Program Files\Orcad\Layout\data\template.imp
Wed Oct 29 11:35:31 Loaded file E:\DOAN\MAINBOARD\FINAL\ST_MAIN_TUNG\SPRAY_MAIN\THAY_TUNG.LLB
Wed Oct 29 11:35:33 Loaded file C:\Program Files\Orcad\Layout\data\template.imp
Wed Oct 29 11:35:34 Loaded file C:\Program Files\Orcad\Layout\data\template.imp
Wed Oct 29 11:35:39 Loaded file C:\Program Files\Orcad\Layout\data\template.imp
Wed Oct 29 11:35:40 Loaded file C:\Program Files\Orcad\Layout\data\template.imp
Wed Oct 29 11:35:41 Loaded file C:\Program Files\Orcad\Layout\data\template.imp
Wed Oct 29 11:35:42 Loaded file C:\Program Files\Orcad\Layout\data\template.imp
Wed Oct 29 11:35:44 Loaded file C:\PROGRAM FILES\ORCAD\LAYOUT\LIBRARY\CHIEN.LLB
Wed Oct 29 11:35:46 Loaded file E:\DOAN\MAINBOARD\FINAL\ST_MAIN_TUNG\SPRAY_MAIN\THAY_TUNG.LLB
Wed Oct 29 11:35:49 Loaded file C:\Program Files\Orcad\Layout\data\template.imp
Wed Oct 29 11:35:50 Loaded file C:\Program Files\Orcad\Layout\data\template.imp
Wed Oct 29 11:35:51 Loaded file E:\DOAN\HUONG DAN ORCAD PAYITFORWORD\9. PAYITFORWARD_FOOTPRINT_10082012\IC64PINS.LLB
Wed Oct 29 11:35:52 Loaded file C:\PROGRAM FILES\ORCAD\LAYOUT\LIBRARY\CHIEN.LLB
Wed Oct 29 11:35:54 Loaded file E:\DOAN\HUONG DAN ORCAD PAYITFORWORD\9. PAYITFORWARD_FOOTPRINT_10082012\PAYITFORWARD_FOOTPRINT_10082012.LLB
Wed Oct 29 11:35:55 Loaded file E:\DOAN\9. [C8] PAYITFORWARD_FOOTPRINT_24022013.LLB
Wed Oct 29 11:35:56 Loaded file E:\DOAN\HUONG DAN ORCAD PAYITFORWORD\9. PAYITFORWARD_FOOTPRINT_10082012\PAYITFORWARD_FOOTPRINT_10082012.LLB
Wed Oct 29 11:35:57 Loaded file C:\PROGRAM FILES\ORCAD\LAYOUT\LIBRARY\CHIEN.LLB
Wed Oct 29 11:35:57 Loaded file E:\DOAN\MAINBOARD\FINAL\ST_MAIN_TUNG\SPRAY_MAIN\THAY_TUNG.LLB
Wed Oct 29 11:35:59 Loaded file C:\Program Files\Orcad\Layout\data\template.imp
Wed Oct 29 11:36:00 Loaded file C:\Program Files\Orcad\Layout\data\template.imp
Wed Oct 29 11:36:06 Loaded file C:\PROGRAM FILES\ORCAD\LAYOUT\LIBRARY\CHIEN.LLB
Wed Oct 29 11:36:08 Loaded file E:\DOAN\HUONG DAN ORCAD PAYITFORWORD\9. PAYITFORWARD_FOOTPRINT_10082012\IC64PINS.LLB
Wed Oct 29 11:36:08 Loaded file E:\DOAN\HUONG DAN ORCAD PAYITFORWORD\9. PAYITFORWARD_FOOTPRINT_10082012\PAYITFORWARD_FOOTPRINT_10082012.LLB
Wed Oct 29 11:36:12 Loaded file E:\DOAN\9. [C8] PAYITFORWARD_FOOTPRINT_24022013.LLB
Wed Oct 29 11:36:13 Loaded file C:\Program Files\Orcad\Layout\library\BCON100T.llb
Wed Oct 29 11:36:15 Loaded file C:\Program Files\Orcad\Layout\library\BCON156T.llb
Wed Oct 29 11:38:04 Loaded file C:\Program Files\Orcad\Layout\data\template.imp
Wed Oct 29 11:38:10 Loaded file C:\Program Files\Orcad\Layout\data\template.imp
Wed Oct 29 11:38:10 Loaded file C:\Program Files\Orcad\Layout\data\template.imp
Wed Oct 29 11:53:02 Saved as file E:\DOAN\MAINBOARD\FIX\IN.MAX
Wed Oct 29 12:43:44 Saved as file E:\DOAN\MAINBOARD\FIX\IN.MAX
Thu Nov 13 22:10:26 Saved as file BACKUP1.MAX
Thu Nov 13 22:20:26 Saved as file BACKUP1.MAX
Thu Nov 13 22:30:26 Saved as file BACKUP1.MAX
Thu Nov 13 22:40:27 Saved as file BACKUP1.MAX
Thu Nov 13 22:50:27 Saved as file BACKUP1.MAX
Thu Nov 13 23:00:27 Saved as file BACKUP1.MAX
Thu Nov 13 23:10:27 Saved as file BACKUP1.MAX
Thu Nov 13 23:20:28 Saved as file BACKUP1.MAX
Thu Nov 13 23:30:28 Saved as file BACKUP1.MAX
Thu Nov 13 23:40:28 Saved as file BACKUP1.MAX
Thu Nov 13 23:50:29 Saved as file BACKUP1.MAX
Fri Nov 14 00:00:29 Saved as file BACKUP1.MAX
Fri Nov 14 00:10:29 Saved as file BACKUP1.MAX
Fri Nov 14 00:20:29 Saved as file BACKUP1.MAX
Fri Nov 14 00:30:30 Saved as file BACKUP1.MAX
Fri Nov 14 00:40:30 Saved as file BACKUP1.MAX
Sat Nov 15 20:40:16 Saved as file BACKUP1.MAX
Sat Nov 15 20:50:17 Saved as file BACKUP1.MAX
Sat Nov 15 21:00:17 Saved as file BACKUP1.MAX
Sat Nov 15 21:10:17 Saved as file BACKUP1.MAX
Sat Nov 15 21:23:05 Saved as file BACKUP1.MAX
Sat Nov 15 21:23:07 Error code 0034.912 (266)
Sat Nov 15 21:23:07 Saved as file Backup0.max
Sat Nov 15 21:23:07 Windows which were open at time of error:
Sat Nov 15 21:23:07 	ActiveWindow: &Design
Sat Nov 15 21:23:07 	Icon: &Components
Sat Nov 15 21:23:07 	Icon: &Nets
Sat Nov 15 21:23:07 	Icon: Post Proces&s
Sat Nov 15 21:23:07 End-of-list
Sat Nov 15 21:23:08 Error code 0034.912 (266)
Sat Nov 15 21:36:18 Saved as file BACKUP1.MAX
Sat Nov 15 21:46:19 Saved as file BACKUP1.MAX
Sat Nov 15 21:56:19 Saved as file BACKUP1.MAX
Sat Nov 15 22:06:19 Saved as file BACKUP1.MAX
Sat Nov 15 22:40:39 Saved as file BACKUP1.MAX
Sat Nov 15 22:41:09 Error code 0034.912 (266)
Sat Nov 15 22:41:09 Saved as file Backup0.max
Sat Nov 15 22:41:09 Windows which were open at time of error:
Sat Nov 15 22:41:09 	ActiveWindow: &Design
Sat Nov 15 22:41:09 	Icon: &Components
Sat Nov 15 22:41:09 	Icon: &Nets
Sat Nov 15 22:41:09 	Icon: Post Proces&s
Sat Nov 15 22:41:09 End-of-list
Sat Nov 15 22:41:09 Error code 0034.912 (266)
Sat Nov 15 23:23:59 Saved as file BACKUP1.MAX
Sat Nov 15 23:33:59 Saved as file BACKUP1.MAX
Sat Nov 15 23:43:59 Saved as file BACKUP1.MAX
Sat Nov 15 23:53:59 Saved as file BACKUP1.MAX
Sun Nov 16 00:04:00 Saved as file BACKUP1.MAX
Sun Nov 16 00:14:00 Saved as file BACKUP1.MAX
Sun Nov 16 00:42:31 Saved as file BACKUP1.MAX
Sun Nov 16 00:52:31 Saved as file BACKUP1.MAX
Sun Nov 16 01:02:31 Saved as file BACKUP1.MAX
Sun Nov 16 11:02:09 Saved as file BACKUP1.MAX
Sun Nov 16 11:12:09 Saved as file BACKUP1.MAX
Mon Nov 17 21:48:50 Saved as file BACKUP1.MAX
Mon Nov 17 21:58:51 Saved as file BACKUP1.MAX
Mon Nov 17 22:08:51 Saved as file BACKUP1.MAX
Mon Nov 17 22:18:51 Saved as file BACKUP1.MAX
Mon Nov 17 22:28:51 Saved as file BACKUP1.MAX
Mon Nov 17 22:38:52 Saved as file BACKUP1.MAX
Mon Nov 17 22:48:52 Saved as file BACKUP1.MAX
Mon Nov 17 22:58:52 Saved as file BACKUP1.MAX
Mon Nov 17 23:08:53 Saved as file BACKUP1.MAX
Mon Nov 17 23:18:53 Saved as file BACKUP1.MAX
Mon Nov 17 23:28:53 Saved as file BACKUP1.MAX
Mon Nov 17 23:38:54 Saved as file BACKUP1.MAX
Mon Nov 17 23:48:54 Saved as file BACKUP1.MAX
Mon Nov 17 23:58:54 Saved as file BACKUP1.MAX
Tue Nov 18 00:10:03 Saved as file BACKUP1.MAX
Tue Nov 18 00:10:06 Error code 0034.912 (266)
Tue Nov 18 00:10:06 Saved as file Backup0.max
Tue Nov 18 00:10:06 Windows which were open at time of error:
Tue Nov 18 00:10:06 	ActiveWindow: &Design
Tue Nov 18 00:10:06 	Icon: &Components
Tue Nov 18 00:10:06 	Icon: &Nets
Tue Nov 18 00:10:06 	Icon: Post Proces&s
Tue Nov 18 00:10:06 End-of-list
Tue Nov 18 00:10:07 Error code 0034.912 (266)
Tue Nov 18 09:12:39 Saved as file BACKUP1.MAX
Tue Nov 18 09:22:39 Saved as file BACKUP1.MAX
Tue Nov 18 09:32:39 Saved as file BACKUP1.MAX
Tue Nov 18 09:42:39 Saved as file BACKUP1.MAX
Thu Nov 20 21:57:08 Saved as file BACKUP1.MAX
Thu Nov 20 22:07:09 Saved as file BACKUP1.MAX
Thu Nov 20 22:17:09 Saved as file BACKUP1.MAX
Thu Nov 20 22:27:09 Saved as file BACKUP1.MAX
Thu Nov 20 22:37:10 Saved as file BACKUP1.MAX
Thu Nov 20 22:47:10 Saved as file BACKUP1.MAX
Thu Nov 20 22:57:10 Saved as file BACKUP1.MAX
Thu Nov 20 23:07:10 Saved as file BACKUP1.MAX
Thu Nov 20 23:17:11 Saved as file BACKUP1.MAX
Thu Nov 20 23:27:11 Saved as file BACKUP1.MAX
Sat Nov 29 22:37:18 Saved as file BACKUP1.MAX
Sat Nov 29 22:47:19 Saved as file BACKUP1.MAX
Sat Nov 29 22:53:20 Error code 0034.912 (266)
Sat Nov 29 22:53:20 Saved as file Backup0.max
Sat Nov 29 22:53:20 Windows which were open at time of error:
Sat Nov 29 22:53:20 	ActiveWindow: &Design
Sat Nov 29 22:53:20 	Child: Pads&tacks
Sat Nov 29 22:53:20 	Icon: &Components
Sat Nov 29 22:53:20 	Icon: &Nets
Sat Nov 29 22:53:20 	Icon: Post Proces&s
Sat Nov 29 22:53:20 End-of-list
Sat Nov 29 22:53:20 Error code 0034.912 (266)
Sat Nov 29 23:04:31 Saved as file BACKUP1.MAX
Sat Nov 29 23:15:31 Saved as file BACKUP1.MAX
Sat Nov 29 23:25:31 Saved as file BACKUP1.MAX
Sat Nov 29 23:35:32 Saved as file BACKUP1.MAX
Sat Nov 29 23:45:32 Saved as file BACKUP1.MAX
Sat Nov 29 23:55:32 Saved as file BACKUP1.MAX
Sat Dec 06 22:17:14 Saved as file BACKUP1.MAX
Sat Dec 06 22:27:14 Saved as file BACKUP1.MAX
Sat Dec 06 23:53:32 Saved as file BACKUP1.MAX
Mon Jan 05 11:00:16 Saved as file BACKUP1.MAX
Mon Jan 05 11:10:16 Saved as file BACKUP1.MAX
Tue Mar 24 20:56:04 Saved as file BACKUP1.MAX
Tue Mar 24 21:08:07 Saved as file BACKUP1.MAX
Tue Apr 14 22:19:28 Saved as file BACKUP1.MAX
Tue Apr 14 22:29:28 Saved as file BACKUP1.MAX
Tue Apr 14 22:39:28 Saved as file BACKUP1.MAX
Tue Apr 14 22:49:28 Saved as file BACKUP1.MAX
Tue Apr 14 22:59:29 Saved as file BACKUP1.MAX
Tue Apr 14 23:09:29 Saved as file BACKUP1.MAX
Wed Apr 15 23:01:43 Saved as file BACKUP1.MAX
Wed Apr 15 23:11:43 Saved as file BACKUP1.MAX
Wed Apr 15 23:21:44 Saved as file BACKUP1.MAX
Wed Apr 15 23:31:44 Saved as file BACKUP1.MAX
Fri May 15 12:31:20 Saved as file BACKUP1.MAX
Fri May 15 12:41:18 Saved as file BACKUP1.MAX
Fri May 15 12:51:19 Saved as file BACKUP1.MAX
Mon May 25 10:33:17 Saved as file BACKUP1.MAX
Mon May 25 10:34:39 Error code 5255.048 (1836)
Mon May 25 10:34:39 Saved as file Backup0.max
Mon May 25 10:34:39 Windows which were open at time of error:
Mon May 25 10:34:39 	ActiveWindow: &Design
Mon May 25 10:34:39 	Icon: &Components
Mon May 25 10:34:39 	Icon: &Nets
Mon May 25 10:34:39 	Icon: Post Proces&s
Mon May 25 10:34:39 End-of-list
Mon May 25 10:34:39 Loaded file BACKUP0.MAX
Mon May 25 12:12:12 Saved as file BACKUP1.MAX
Mon May 25 12:22:12 Saved as file BACKUP1.MAX
Mon May 25 12:32:12 Saved as file BACKUP1.MAX
Mon May 25 12:42:12 Saved as file BACKUP1.MAX
Mon May 25 12:52:13 Saved as file BACKUP1.MAX
Mon May 25 13:02:13 Saved as file BACKUP1.MAX
Mon May 25 13:12:13 Saved as file BACKUP1.MAX
Mon May 25 13:22:14 Saved as file BACKUP1.MAX
Mon May 25 13:32:14 Saved as file BACKUP1.MAX
Mon May 25 13:42:14 Saved as file BACKUP1.MAX
Mon May 25 13:52:14 Saved as file BACKUP1.MAX
Mon May 25 14:02:15 Saved as file BACKUP1.MAX
Mon May 25 14:12:15 Saved as file BACKUP1.MAX
Mon May 25 14:22:15 Saved as file BACKUP1.MAX
Mon May 25 14:32:16 Saved as file BACKUP1.MAX
Mon May 25 14:42:16 Saved as file BACKUP1.MAX
Mon May 25 14:52:16 Saved as file BACKUP1.MAX
Mon May 25 15:02:17 Saved as file BACKUP1.MAX
Mon May 25 15:12:17 Saved as file BACKUP1.MAX
Mon May 25 15:22:17 Saved as file BACKUP1.MAX
Mon May 25 15:32:17 Saved as file BACKUP1.MAX
Mon May 25 15:42:18 Saved as file BACKUP1.MAX
Mon May 25 15:52:18 Saved as file BACKUP1.MAX
Mon May 25 16:02:18 Saved as file BACKUP1.MAX
Mon May 25 16:12:19 Saved as file BACKUP1.MAX
Mon May 25 16:22:20 Saved as file BACKUP1.MAX
Mon May 25 16:32:19 Saved as file BACKUP1.MAX
Mon May 25 16:42:19 Saved as file BACKUP1.MAX
Mon May 25 17:33:58 Saved as file BACKUP1.MAX
Mon May 25 17:44:21 Saved as file BACKUP1.MAX
Mon May 25 17:54:22 Saved as file BACKUP1.MAX
Mon May 25 18:04:22 Saved as file BACKUP1.MAX
Mon May 25 18:14:22 Saved as file BACKUP1.MAX
Tue Jun 02 20:59:06 Saved as file BACKUP1.MAX
Tue Jun 02 21:09:06 Saved as file BACKUP1.MAX
Tue Jun 02 21:19:06 Saved as file BACKUP1.MAX
Tue Jun 02 21:29:06 Saved as file BACKUP1.MAX
Tue Jun 02 21:39:07 Saved as file BACKUP1.MAX
Tue Jun 02 21:49:07 Saved as file BACKUP1.MAX
Tue Jun 02 21:59:07 Saved as file BACKUP1.MAX
Tue Jun 02 22:09:07 Saved as file BACKUP1.MAX
Tue Jun 02 22:19:08 Saved as file BACKUP1.MAX
Tue Jun 02 22:29:08 Saved as file BACKUP1.MAX
Tue Jun 02 22:39:08 Saved as file BACKUP1.MAX
Tue Jun 02 22:49:09 Saved as file BACKUP1.MAX
Tue Jun 02 22:59:09 Saved as file BACKUP1.MAX
Tue Jun 02 23:09:09 Saved as file BACKUP1.MAX
Tue Jun 02 23:19:10 Saved as file BACKUP1.MAX
Tue Jun 02 23:29:10 Saved as file BACKUP1.MAX
Mon Jun 20 20:25:18 Saved as file BACKUP1.MAX
Mon Jun 20 20:35:18 Saved as file BACKUP1.MAX
Mon Jun 20 20:45:18 Saved as file BACKUP1.MAX
Mon Jun 20 20:55:19 Saved as file BACKUP1.MAX
Mon Jun 20 21:05:19 Saved as file BACKUP1.MAX
Mon Jun 20 21:15:19 Saved as file BACKUP1.MAX
Mon Jun 20 21:25:20 Saved as file BACKUP1.MAX
Mon Jun 20 21:35:20 Saved as file BACKUP1.MAX
Mon Jun 20 21:45:20 Saved as file BACKUP1.MAX
Mon Jun 20 21:55:21 Saved as file BACKUP1.MAX
Mon Jun 20 22:05:21 Saved as file BACKUP1.MAX
Mon Jun 20 22:15:21 Saved as file BACKUP1.MAX
Mon Jun 20 22:25:21 Saved as file BACKUP1.MAX
Mon Jun 20 22:35:22 Saved as file BACKUP1.MAX
